Determining if the pthread_create exist failed with the following output:
Change Dir: /home/pi/catkin_ws/src/RPI_ZeroW/control_ws/build/CMakeFiles/CMakeTmp

Run Build Command:"/usr/bin/make" "cmTC_8c439/fast"
/usr/bin/make -f CMakeFiles/cmTC_8c439.dir/build.make CMakeFiles/cmTC_8c439.dir/build
make[1]: Entering directory '/home/pi/catkin_ws/src/RPI_ZeroW/control_ws/build/CMakeFiles/CMakeTmp'
Building C object CMakeFiles/cmTC_8c439.dir/CheckSymbolExists.c.o
/usr/bin/cc     -o CMakeFiles/cmTC_8c439.dir/CheckSymbolExists.c.o   -c /home/pi/catkin_ws/src/RPI_ZeroW/control_ws/build/CMakeFiles/CMakeTmp/CheckSymbolExists.c
Linking C executable cmTC_8c439
/usr/bin/cmake -E cmake_link_script CMakeFiles/cmTC_8c439.dir/link.txt --verbose=1
/usr/bin/cc       CMakeFiles/cmTC_8c439.dir/CheckSymbolExists.c.o  -o cmTC_8c439 -rdynamic 
CMakeFiles/cmTC_8c439.dir/CheckSymbolExists.c.o: In function `main':
CheckSymbolExists.c:(.text+0x38): undefined reference to `pthread_create'
collect2: error: ld returned 1 exit status
CMakeFiles/cmTC_8c439.dir/build.make:97: recipe for target 'cmTC_8c439' failed
make[1]: *** [cmTC_8c439] Error 1
make[1]: Leaving directory '/home/pi/catkin_ws/src/RPI_ZeroW/control_ws/build/CMakeFiles/CMakeTmp'
Makefile:126: recipe for target 'cmTC_8c439/fast' failed
make: *** [cmTC_8c439/fast] Error 2

File /home/pi/catkin_ws/src/RPI_ZeroW/control_ws/build/CMakeFiles/CMakeTmp/CheckSymbolExists.c:
/* */
#include <pthread.h>

int main(int argc, char** argv)
{
  (void)argv;
#ifndef pthread_create
  return ((int*)(&pthread_create))[argc];
#else
  (void)argc;
  return 0;
#endif
}

Determining if the function pthread_create exists in the pthreads failed with the following output:
Change Dir: /home/pi/catkin_ws/src/RPI_ZeroW/control_ws/build/CMakeFiles/CMakeTmp

Run Build Command:"/usr/bin/make" "cmTC_db32d/fast"
/usr/bin/make -f CMakeFiles/cmTC_db32d.dir/build.make CMakeFiles/cmTC_db32d.dir/build
make[1]: Entering directory '/home/pi/catkin_ws/src/RPI_ZeroW/control_ws/build/CMakeFiles/CMakeTmp'
Building C object CMakeFiles/cmTC_db32d.dir/CheckFunctionExists.c.o
/usr/bin/cc    -DCHECK_FUNCTION_EXISTS=pthread_create   -o CMakeFiles/cmTC_db32d.dir/CheckFunctionExists.c.o   -c /usr/share/cmake-3.7/Modules/CheckFunctionExists.c
Linking C executable cmTC_db32d
/usr/bin/cmake -E cmake_link_script CMakeFiles/cmTC_db32d.dir/link.txt --verbose=1
/usr/bin/cc   -DCHECK_FUNCTION_EXISTS=pthread_create    CMakeFiles/cmTC_db32d.dir/CheckFunctionExists.c.o  -o cmTC_db32d -rdynamic -lpthreads 
/usr/bin/ld: cannot find -lpthreads
collect2: error: ld returned 1 exit status
CMakeFiles/cmTC_db32d.dir/build.make:97: recipe for target 'cmTC_db32d' failed
make[1]: *** [cmTC_db32d] Error 1
make[1]: Leaving directory '/home/pi/catkin_ws/src/RPI_ZeroW/control_ws/build/CMakeFiles/CMakeTmp'
Makefile:126: recipe for target 'cmTC_db32d/fast' failed
make: *** [cmTC_db32d/fast] Error 2


